Archer.obj : error LNK2019: unresolved external symbol SDL_RenderCopy referenced in function "public: virtual void __cdecl Archer::Render(void)" (?Render@Archer@@UEAAXXZ)
Swordman.obj : error LNK2001: unresolved external symbol SDL_RenderCopy
Button.obj : error LNK2019: unresolved external symbol SDL_RenderCopyF referenced in function "public: virtual void __cdecl Button::Render(void)" (?Render@Button@@UEAAXXZ)
Label.obj : error LNK2001: unresolved external symbol SDL_RenderCopyF
Button.obj : error LNK2019: unresolved external symbol SDL_RenderCopyExF referenced in function "public: virtual void __cdecl Sprite::Render(void)" (?Render@Sprite@@UEAAXXZ)
Enemies.obj : error LNK2001: unresolved external symbol SDL_RenderCopyExF
PlatformPlayer.obj : error LNK2001: unresolved external symbol SDL_RenderCopyExF
CollisionManager.obj : error LNK2019: unresolved external symbol SDL_HasIntersection referenced in function "public: static bool __cdecl CollisionManager::AABBCheck(struct SDL_FRect const &,struct SDL_FRect const &)" (?AABBCheck@CollisionManager@@SA_NAEBUSDL_FRect@@0@Z)
DebugManager.obj : error LNK2019: unresolved external symbol SDL_SetRenderDrawColor referenced in function "public: static void __cdecl DebugManager::DrawLine(struct SDL_Point,struct SDL_Point,struct SDL_Color)" (?DrawLine@DebugManager@@SAXUSDL_Point@@0USDL_Color@@@Z)
Engine.obj : error LNK2001: unresolved external symbol SDL_SetRenderDrawColor
PlatformPlayer.obj : error LNK2001: unresolved external symbol SDL_SetRenderDrawColor
States.obj : error LNK2001: unresolved external symbol SDL_SetRenderDrawColor
DebugManager.obj : error LNK2019: unresolved external symbol SDL_RenderDrawLine referenced in function "public: static void __cdecl DebugManager::DrawLine(struct SDL_Point,struct SDL_Point,struct SDL_Color)" (?DrawLine@DebugManager@@SAXUSDL_Point@@0USDL_Color@@@Z)
EnemyManager.obj : error LNK2019: unresolved external symbol SDL_DestroyTexture referenced in function "public: static void __cdecl EnemyManager::DestroyInvalidEnemies(void)" (?DestroyInvalidEnemies@EnemyManager@@SAXXZ)
Label.obj : error LNK2001: unresolved external symbol SDL_DestroyTexture
TextureManager.obj : error LNK2001: unresolved external symbol SDL_DestroyTexture
EnemyManager.obj : error LNK2001: unresolved external symbol "public: static class std::vector<class Enemies *,class std::allocator<class Enemies *> > EnemyManager::EnemiesVec" (?EnemiesVec@EnemyManager@@2V?$vector@PEAVEnemies@@V?$allocator@PEAVEnemies@@@std@@@std@@A)
States.obj : error LNK2001: unresolved external symbol "public: static class std::vector<class Enemies *,class std::allocator<class Enemies *> > EnemyManager::EnemiesVec" (?EnemiesVec@EnemyManager@@2V?$vector@PEAVEnemies@@V?$allocator@PEAVEnemies@@@std@@@std@@A)
Engine.obj : error LNK2019: unresolved external symbol SDL_CreateWindow referenced in function "private: bool __cdecl Engine::Init(char const *,int,int,int,int,int)" (?Init@Engine@@AEAA_NPEBDHHHHH@Z)
Engine.obj : error LNK2019: unresolved external symbol SDL_DestroyWindow referenced in function "private: void __cdecl Engine::Clean(void)" (?Clean@Engine@@AEAAXXZ)
Engine.obj : error LNK2019: unresolved external symbol SDL_CreateRenderer referenced in function "private: bool __cdecl Engine::Init(char const *,int,int,int,int,int)" (?Init@Engine@@AEAA_NPEBDHHHHH@Z)
Engine.obj : error LNK2019: unresolved external symbol SDL_RenderClear referenced in function "private: void __cdecl Engine::Render(void)" (?Render@Engine@@AEAAXXZ)
States.obj : error LNK2001: unresolved external symbol SDL_RenderClear
Engine.obj : error LNK2019: unresolved external symbol SDL_RenderPresent referenced in function "private: void __cdecl Engine::Render(void)" (?Render@Engine@@AEAAXXZ)
States.obj : error LNK2001: unresolved external symbol SDL_RenderPresent
Engine.obj : error LNK2019: unresolved external symbol SDL_DestroyRenderer referenced in function "private: void __cdecl Engine::Clean(void)" (?Clean@Engine@@AEAAXXZ)
Engine.obj : error LNK2019: unresolved external symbol SDL_GetTicks referenced in function "private: void __cdecl Engine::Sleep(void)" (?Sleep@Engine@@AEAAXXZ)
Engine.obj : error LNK2019: unresolved external symbol SDL_Delay referenced in function "private: void __cdecl Engine::Sleep(void)" (?Sleep@Engine@@AEAAXXZ)
Engine.obj : error LNK2019: unresolved external symbol SDL_Init referenced in function "private: bool __cdecl Engine::Init(char const *,int,int,int,int,int)" (?Init@Engine@@AEAA_NPEBDHHHHH@Z)
Engine.obj : error LNK2019: unresolved external symbol SDL_Quit referenced in function "private: void __cdecl Engine::Clean(void)" (?Clean@Engine@@AEAAXXZ)
Engine.obj : error LNK2019: unresolved external symbol IMG_Quit referenced in function "private: void __cdecl Engine::Clean(void)" (?Clean@Engine@@AEAAXXZ)
EventManager.obj : error LNK2019: unresolved external symbol SDL_GetKeyboardState referenced in function "public: static void __cdecl EventManager::HandleEvents(void)" (?HandleEvents@EventManager@@SAXXZ)
EventManager.obj : error LNK2019: unresolved external symbol SDL_GetMouseState referenced in function "public: static void __cdecl EventManager::HandleEvents(void)" (?HandleEvents@EventManager@@SAXXZ)
EventManager.obj : error LNK2019: unresolved external symbol SDL_PollEvent referenced in function "public: static void __cdecl EventManager::HandleEvents(void)" (?HandleEvents@EventManager@@SAXXZ)
FontManager.obj : error LNK2019: unresolved external symbol SDL_GetError referenced in function "public: static void __cdecl FontManager::RegisterFont(char const *,class std::basic_string<char,struct std::char_traits<char>,class std::allocator<char> >,int)" (?RegisterFont@FontManager@@SAXPEBDV?$basic_string@DU?$char_traits@D@std@@V?$allocator@D@2@@std@@H@Z)
SoundManager.obj : error LNK2001: unresolved external symbol SDL_GetError
TextureManager.obj : error LNK2001: unresolved external symbol SDL_GetError
FontManager.obj : error LNK2019: unresolved external symbol TTF_Init referenced in function "public: static void __cdecl FontManager::RegisterFont(char const *,class std::basic_string<char,struct std::char_traits<char>,class std::allocator<char> >,int)" (?RegisterFont@FontManager@@SAXPEBDV?$basic_string@DU?$char_traits@D@std@@V?$allocator@D@2@@std@@H@Z)
FontManager.obj : error LNK2019: unresolved external symbol TTF_OpenFont referenced in function "public: static void __cdecl FontManager::RegisterFont(char const *,class std::basic_string<char,struct std::char_traits<char>,class std::allocator<char> >,int)" (?RegisterFont@FontManager@@SAXPEBDV?$basic_string@DU?$char_traits@D@std@@V?$allocator@D@2@@std@@H@Z)
FontManager.obj : error LNK2019: unresolved external symbol TTF_CloseFont referenced in function "public: static void __cdecl FontManager::Quit(void)" (?Quit@FontManager@@SAXXZ)
FontManager.obj : error LNK2019: unresolved external symbol TTF_WasInit referenced in function "public: static void __cdecl FontManager::RegisterFont(char const *,class std::basic_string<char,struct std::char_traits<char>,class std::allocator<char> >,int)" (?RegisterFont@FontManager@@SAXPEBDV?$basic_string@DU?$char_traits@D@std@@V?$allocator@D@2@@std@@H@Z)
PlatformPlayer.obj : error LNK2019: unresolved external symbol SDL_RenderFillRectF referenced in function "public: virtual void __cdecl PlatformPlayer::Render(void)" (?Render@PlatformPlayer@@UEAAXXZ)
States.obj : error LNK2001: unresolved external symbol SDL_RenderFillRectF
SoundManager.obj : error LNK2019: unresolved external symbol SDL_RWFromFile referenced in function "public: static bool __cdecl SoundManager::Load(class std::basic_string<char,struct std::char_traits<char>,class std::allocator<char> > const &,class std::basic_string<char,struct std::char_traits<char>,class std::allocator<char> > const &,enum SoundType)" (?Load@SoundManager@@SA_NAEBV?$basic_string@DU?$char_traits@D@std@@V?$allocator@D@2@@std@@0W4SoundType@@@Z)
SoundManager.obj : error LNK2019: unresolved external symbol Mix_Quit referenced in function "public: static void __cdecl SoundManager::Quit(void)" (?Quit@SoundManager@@SAXXZ)
SoundManager.obj : error LNK2019: unresolved external symbol Mix_OpenAudio referenced in function "public: static void __cdecl SoundManager::Init(void)" (?Init@SoundManager@@SAXXZ)
SoundManager.obj : error LNK2019: unresolved external symbol Mix_AllocateChannels referenced in function "public: static void __cdecl SoundManager::AllocateChannels(int)" (?AllocateChannels@SoundManager@@SAXH@Z)
SoundManager.obj : error LNK2019: unresolved external symbol Mix_LoadWAV_RW referenced in function "public: static bool __cdecl SoundManager::Load(class std::basic_string<char,struct std::char_traits<char>,class std::allocator<char> > const &,class std::basic_string<char,struct std::char_traits<char>,class std::allocator<char> > const &,enum SoundType)" (?Load@SoundManager@@SA_NAEBV?$basic_string@DU?$char_traits@D@std@@V?$allocator@D@2@@std@@0W4SoundType@@@Z)
SoundManager.obj : error LNK2019: unresolved external symbol Mix_LoadMUS referenced in function "public: static bool __cdecl SoundManager::Load(class std::basic_string<char,struct std::char_traits<char>,class std::allocator<char> > const &,class std::basic_string<char,struct std::char_traits<char>,class std::allocator<char> > const &,enum SoundType)" (?Load@SoundManager@@SA_NAEBV?$basic_string@DU?$char_traits@D@std@@V?$allocator@D@2@@std@@0W4SoundType@@@Z)
SoundManager.obj : error LNK2019: unresolved external symbol Mix_FreeChunk referenced in function "public: static void __cdecl SoundManager::Quit(void)" (?Quit@SoundManager@@SAXXZ)
SoundManager.obj : error LNK2019: unresolved external symbol Mix_FreeMusic referenced in function "public: static void __cdecl SoundManager::Quit(void)" (?Quit@SoundManager@@SAXXZ)
SoundManager.obj : error LNK2019: unresolved external symbol Mix_SetPanning referenced in function "public: static void __cdecl SoundManager::PanSet(int,int)" (?PanSet@SoundManager@@SAXHH@Z)
SoundManager.obj : error LNK2019: unresolved external symbol Mix_PlayChannelTimed referenced in function "public: static void __cdecl SoundManager::PlaySound(class std::basic_string<char,struct std::char_traits<char>,class std::allocator<char> > const &,int,int)" (?PlaySound@SoundManager@@SAXAEBV?$basic_string@DU?$char_traits@D@std@@V?$allocator@D@2@@std@@HH@Z)
SoundManager.obj : error LNK2019: unresolved external symbol Mix_FadeInMusic referenced in function "public: static void __cdecl SoundManager::PlayMusic(class std::basic_string<char,struct std::char_traits<char>,class std::allocator<char> > const &,int,int)" (?PlayMusic@SoundManager@@SAXAEBV?$basic_string@DU?$char_traits@D@std@@V?$allocator@D@2@@std@@HH@Z)
SoundManager.obj : error LNK2019: unresolved external symbol Mix_Volume referenced in function "public: static void __cdecl SoundManager::SetSoundVolume(int)" (?SetSoundVolume@SoundManager@@SAXH@Z)
SoundManager.obj : error LNK2019: unresolved external symbol Mix_VolumeMusic referenced in function "public: static void __cdecl SoundManager::SetMusicVolume(int)" (?SetMusicVolume@SoundManager@@SAXH@Z)
SoundManager.obj : error LNK2019: unresolved external symbol Mix_HaltChannel referenced in function "public: static void __cdecl SoundManager::Quit(void)" (?Quit@SoundManager@@SAXXZ)
SoundManager.obj : error LNK2019: unresolved external symbol Mix_HaltMusic referenced in function "public: static void __cdecl SoundManager::Quit(void)" (?Quit@SoundManager@@SAXXZ)
SoundManager.obj : error LNK2019: unresolved external symbol Mix_FadeOutMusic referenced in function "public: static void __cdecl SoundManager::StopMusic(int)" (?StopMusic@SoundManager@@SAXH@Z)
SoundManager.obj : error LNK2019: unresolved external symbol Mix_PauseMusic referenced in function "public: static void __cdecl SoundManager::PauseMusic(void)" (?PauseMusic@SoundManager@@SAXXZ)
SoundManager.obj : error LNK2019: unresolved external symbol Mix_ResumeMusic referenced in function "public: static void __cdecl SoundManager::ResumeMusic(void)" (?ResumeMusic@SoundManager@@SAXXZ)
SoundManager.obj : error LNK2019: unresolved external symbol Mix_PausedMusic referenced in function "public: static void __cdecl SoundManager::ResumeMusic(void)" (?ResumeMusic@SoundManager@@SAXXZ)
SoundManager.obj : error LNK2019: unresolved external symbol Mix_Playing referenced in function "public: static void __cdecl SoundManager::Quit(void)" (?Quit@SoundManager@@SAXXZ)
SoundManager.obj : error LNK2019: unresolved external symbol Mix_PlayingMusic referenced in function "public: static void __cdecl SoundManager::PauseMusic(void)" (?PauseMusic@SoundManager@@SAXXZ)
SoundManager.obj : error LNK2019: unresolved external symbol Mix_CloseAudio referenced in function "public: static void __cdecl SoundManager::Quit(void)" (?Quit@SoundManager@@SAXXZ)
Label.obj : error LNK2019: unresolved external symbol SDL_FreeSurface referenced in function "public: void __cdecl Label::SetText(char const *)" (?SetText@Label@@QEAAXPEBD@Z)
Label.obj : error LNK2019: unresolved external symbol SDL_CreateTextureFromSurface referenced in function "public: void __cdecl Label::SetText(char const *)" (?SetText@Label@@QEAAXPEBD@Z)
Label.obj : error LNK2019: unresolved external symbol TTF_RenderText_Solid referenced in function "public: void __cdecl Label::SetText(char const *)" (?SetText@Label@@QEAAXPEBD@Z)
TextureManager.obj : error LNK2019: unresolved external symbol IMG_Init referenced in function "public: static void __cdecl TextureManager::Init(void)" (?Init@TextureManager@@SAXXZ)
TextureManager.obj : error LNK2019: unresolved external symbol IMG_LoadTexture referenced in function "public: static void __cdecl TextureManager::RegisterTexture(char const *,class std::basic_string<char,struct std::char_traits<char>,class std::allocator<char> >)" (?RegisterTexture@TextureManager@@SAXPEBDV?$basic_string@DU?$char_traits@D@std@@V?$allocator@D@2@@std@@@Z)
MSVCRTD.lib(exe_main.obj) : error LNK2019: unresolved external symbol main referenced in function "int __cdecl invoke_main(void)" (?invoke_main@@YAHXZ)
E:\C++项目\Horn and Honor\\SDL\SDL2\lib\x86\SDL2.lib : warning LNK4272: library machine type 'x86' conflicts with target machine type 'x64'
E:\C++项目\Horn and Honor\\SDL\SDL2_image\lib\x86\SDL2_image.lib : warning LNK4272: library machine type 'x86' conflicts with target machine type 'x64'
E:\C++项目\Horn and Honor\\SDL\SDL2_ttf\lib\x86\SDL2_ttf.lib : warning LNK4272: library machine type 'x86' conflicts with target machine type 'x64'
E:\C++项目\Horn and Honor\\SDL\SDL2_mixer\lib\x86\SDL2_mixer.lib : warning LNK4272: library machine type 'x86' conflicts with target machine type 'x64'
E:\C++项目\Horn and Honor\\SDL\SDL2\lib\x86\SDL2main.lib : warning LNK4272: library machine type 'x86' conflicts with target machine type 'x64'
E:\C++项目\Horn and Honor\x64\Debug\GAME1017_Template_W01.exe : fatal error LNK1120: 56 unresolved externals
